<?xml version="1.0" encoding="UTF-8"?>
<!-- Generated by org.testng.reporters.JUnitReportReporter -->
<testsuite name="com.testng_features.Simple_annotation" tests="3" time="0.031" ignored="0" failures="0" timestamp="22 Feb 2022 16:09:56 GMT" skipped="0" hostname="DESKTOP-4ATA6I9" errors="0">
  <testcase name="men" time="0.016" classname="com.testng_features.Simple_annotation"/>
  <testcase name="women" time="0.000" classname="com.testng_features.Simple_annotation"/>
  <testcase name="child" time="0.015" classname="com.testng_features.Simple_annotation"/>
</testsuite> <!-- com.testng_features.Simple_annotation -->
