<?xml version="1.0" encoding="UTF-8"?>
<!-- Generated by org.testng.reporters.JUnitReportReporter -->
<testsuite name="com.runnerclass.simple_Annotation" tests="2" time="0.017" ignored="0" failures="0" timestamp="15 Feb 2022 09:29:04 GMT" skipped="0" hostname="DESKTOP-4ATA6I9" errors="0">
  <testcase name="karthi" time="0.012" classname="com.runnerclass.simple_Annotation"/>
  <testcase name="login" time="0.005" classname="com.runnerclass.simple_Annotation"/>
</testsuite> <!-- com.runnerclass.simple_Annotation -->
