<?xml version="1.0" encoding="UTF-8"?>
<!-- Generated by org.testng.reporters.JUnitReportReporter -->
<testsuite skipped="1" hostname="DESKTOP-4ATA6I9" name="com.testng_features.Ignore_feat" tests="5" failures="0" timestamp="2022-02-23T12:18:04 IST" time="0.027" errors="0">
  <testcase name="sslc" time="0.013" classname="com.testng_features.Ignore_feat"/>
  <system-out/>
  <testcase name="hsc" time="0.003" classname="com.testng_features.Ignore_feat"/>
  <system-out/>
  <testcase name="college" time="0.003" classname="com.testng_features.Ignore_feat"/>
  <system-out/>
  <testcase name="job" time="0.008" classname="com.testng_features.Ignore_feat"/>
  <system-out/>
  <testcase name="books" classname="com.testng_features.Ignore_feat">
    <skipped/>
  </testcase> <!-- books -->
  <system-out/>
</testsuite> <!-- com.testng_features.Ignore_feat -->
