<?xml version="1.0" encoding="UTF-8"?>
<!-- Generated by org.testng.reporters.JUnitReportReporter -->
<testsuite skipped="0" hostname="DESKTOP-4ATA6I9" name="com.testng_features.Invocation_count" tests="5" failures="0" timestamp="2022-02-23T12:22:44 IST" time="0.022" errors="0">
  <testcase name="geturl" time="0.002" classname="com.testng_features.Invocation_count"/>
  <system-out/>
  <testcase name="browserlaunch" time="0.013" classname="com.testng_features.Invocation_count"/>
  <system-out/>
  <testcase name="refresh" time="0.003" classname="com.testng_features.Invocation_count"/>
  <system-out/>
  <testcase name="refresh" time="0.002" classname="com.testng_features.Invocation_count"/>
  <system-out/>
  <testcase name="refresh" time="0.002" classname="com.testng_features.Invocation_count"/>
  <system-out/>
</testsuite> <!-- com.testng_features.Invocation_count -->
